<?xml version="1.0" encoding="UTF-8"?>
<!-- Generated by org.testng.reporters.JUnitReportReporter -->
<testsuite hostname="admins-MacBook-Air.local" failures="0" tests="2" name="api.test.DDTests" time="2.157" errors="0" timestamp="2024-05-28T15:54:16 IST" skipped="0">
  <testcase classname="api.test.DDTests" name="testPostUser" time="2.100"/>
  <testcase classname="api.test.DDTests" name="testPostUser" time="0.057"/>
</testsuite> <!-- api.test.DDTests -->
